<?xml version="1.0" encoding="UTF-8"?>
<!-- Generated by org.testng.reporters.JUnitXMLReporter -->
<testsuite ignored="0" hostname="MSI" failures="0" tests="4" name="Default test" time="0.067" errors="0" timestamp="2021-02-04T17:51:06 IST">
  <testcase classname="com.testNG.concepts.PriorityAttribute" name="test3" time="0.012"/>
  <testcase classname="com.testNG.concepts.PriorityAttribute" name="test2" time="0.001"/>
  <testcase classname="com.testNG.concepts.PriorityAttribute" name="test4" time="0.002"/>
  <testcase classname="com.testNG.concepts.PriorityAttribute" name="test1" time="0.002"/>
</testsuite> <!-- Default test -->
