<?xml version="1.0" encoding="UTF-8"?>
<testng-results ignored="0" total="2" passed="0" failed="2" skipped="0">
  <reporter-output>
  </reporter-output>
  <suite started-at="2021-02-04T16:18:44 IST" name="Default suite" finished-at="2021-02-04T16:18:45 IST" duration-ms="430">
    <groups>
    </groups>
    <test started-at="2021-02-04T16:18:44 IST" name="Default test" finished-at="2021-02-04T16:18:45 IST" duration-ms="430">
      <class name="com.softAssert.SoftAssert">
        <test-method signature="hardAssertion()[pri:0, instance:com.softAssert.SoftAssert@58ea606c]" started-at="2021-02-04T16:18:44 IST" name="hardAssertion" finished-at="2021-02-04T16:18:44 IST" duration-ms="14" status="FAIL">
          <exception class="java.lang.AssertionError">
            <message>
              <![CDATA[expected [true] but found [false]]]>
            </message>
            <full-stacktrace>
              <![CDATA[java.lang.AssertionError: expected [true] but found [false]
at org.testng.Assert.fail(Assert.java:99)
at org.testng.Assert.failNotEquals(Assert.java:1037)
at org.testng.Assert.assertTrue(Assert.java:45)
at org.testng.Assert.assertTrue(Assert.java:55)
at com.softAssert.SoftAssert.hardAssertion(SoftAssert.java:21)
at java.base/jdk.internal.reflect.NativeMethodAccessorImpl.invoke0(Native Method)
at java.base/jdk.internal.reflect.NativeMethodAccessorImpl.invoke(NativeMethodAccessorImpl.java:64)
at java.base/jdk.internal.reflect.DelegatingMethodAccessorImpl.invoke(DelegatingMethodAccessorImpl.java:43)
at java.base/java.lang.reflect.Method.invoke(Method.java:564)
at org.testng.internal.MethodInvocationHelper.invokeMethod(MethodInvocationHelper.java:132)
at org.testng.internal.TestInvoker.invokeMethod(TestInvoker.java:599)
at org.testng.internal.TestInvoker.invokeTestMethod(TestInvoker.java:174)
at org.testng.internal.MethodRunner.runInSequence(MethodRunner.java:46)
at org.testng.internal.TestInvoker$MethodInvocationAgent.invoke(TestInvoker.java:822)
at org.testng.internal.TestInvoker.invokeTestMethods(TestInvoker.java:147)
at org.testng.internal.TestMethodWorker.invokeTestMethods(TestMethodWorker.java:146)
at org.testng.internal.TestMethodWorker.run(TestMethodWorker.java:128)
at java.base/java.util.ArrayList.forEach(ArrayList.java:1511)
at org.testng.TestRunner.privateRun(TestRunner.java:764)
at org.testng.TestRunner.run(TestRunner.java:585)
at org.testng.SuiteRunner.runTest(SuiteRunner.java:384)
at org.testng.SuiteRunner.runSequentially(SuiteRunner.java:378)
at org.testng.SuiteRunner.privateRun(SuiteRunner.java:337)
at org.testng.SuiteRunner.run(SuiteRunner.java:286)
at org.testng.SuiteRunnerWorker.runSuite(SuiteRunnerWorker.java:53)
at org.testng.SuiteRunnerWorker.run(SuiteRunnerWorker.java:96)
at org.testng.TestNG.runSuitesSequentially(TestNG.java:1218)
at org.testng.TestNG.runSuitesLocally(TestNG.java:1140)
at org.testng.TestNG.runSuites(TestNG.java:1069)
at org.testng.TestNG.run(TestNG.java:1037)
at org.testng.remote.AbstractRemoteTestNG.run(AbstractRemoteTestNG.java:115)
at org.testng.remote.RemoteTestNG.initAndRun(RemoteTestNG.java:251)
at org.testng.remote.RemoteTestNG.main(RemoteTestNG.java:77)
]]>
            </full-stacktrace>
          </exception> <!-- java.lang.AssertionError -->
          <reporter-output>
          </reporter-output>
        </test-method> <!-- hardAssertion -->
        <test-method signature="softAssertion()[pri:0, instance:com.softAssert.SoftAssert@58ea606c]" started-at="2021-02-04T16:18:44 IST" name="softAssertion" finished-at="2021-02-04T16:18:44 IST" duration-ms="316" status="FAIL">
          <exception class="java.lang.StackOverflowError">
            <full-stacktrace>
              <![CDATA[java.lang.StackOverflowError
at java.base/java.io.PrintStream.writeln(PrintStream.java:722)
at java.base/java.io.PrintStream.println(PrintStream.java:1028)
at com.softAssert.SoftAssert.softAssertion(SoftAssert.java:12)
at com.softAssert.SoftAssert.softAssertion(SoftAssert.java:13)
at com.softAssert.SoftAssert.softAssertion(SoftAssert.java:13)
at com.softAssert.SoftAssert.softAssertion(SoftAssert.java:13)
at com.softAssert.SoftAssert.softAssertion(SoftAssert.java:13)
at com.softAssert.SoftAssert.softAssertion(SoftAssert.java:13)
at com.softAssert.SoftAssert.softAssertion(SoftAssert.java:13)
at com.softAssert.SoftAssert.softAssertion(SoftAssert.java:13)
at com.softAssert.SoftAssert.softAssertion(SoftAssert.java:13)
at com.softAssert.SoftAssert.softAssertion(SoftAssert.java:13)
at com.softAssert.SoftAssert.softAssertion(SoftAssert.java:13)
at com.softAssert.SoftAssert.softAssertion(SoftAssert.java:13)
at com.softAssert.SoftAssert.softAssertion(SoftAssert.java:13)
at com.softAssert.SoftAssert.softAssertion(SoftAssert.java:13)
at com.softAssert.SoftAssert.softAssertion(SoftAssert.java:13)
at com.softAssert.SoftAssert.softAssertion(SoftAssert.java:13)
at com.softAssert.SoftAssert.softAssertion(SoftAssert.java:13)
at com.softAssert.SoftAssert.softAssertion(SoftAssert.java:13)
at com.softAssert.SoftAssert.softAssertion(SoftAssert.java:13)
at com.softAssert.SoftAssert.softAssertion(SoftAssert.java:13)
at com.softAssert.SoftAssert.softAssertion(SoftAssert.java:13)
at com.softAssert.SoftAssert.softAssertion(SoftAssert.java:13)
at com.softAssert.SoftAssert.softAssertion(SoftAssert.java:13)
at com.softAssert.SoftAssert.softAssertion(SoftAssert.java:13)
at com.softAssert.SoftAssert.softAssertion(SoftAssert.java:13)
at com.softAssert.SoftAssert.softAssertion(SoftAssert.java:13)
at com.softAssert.SoftAssert.softAssertion(SoftAssert.java:13)
at com.softAssert.SoftAssert.softAssertion(SoftAssert.java:13)
at com.softAssert.SoftAssert.softAssertion(SoftAssert.java:13)
at com.softAssert.SoftAssert.softAssertion(SoftAssert.java:13)
at com.softAssert.SoftAssert.softAssertion(SoftAssert.java:13)
at com.softAssert.SoftAssert.softAssertion(SoftAssert.java:13)
at com.softAssert.SoftAssert.softAssertion(SoftAssert.java:13)
at com.softAssert.SoftAssert.softAssertion(SoftAssert.java:13)
at com.softAssert.SoftAssert.softAssertion(SoftAssert.java:13)
at com.softAssert.SoftAssert.softAssertion(SoftAssert.java:13)
at com.softAssert.SoftAssert.softAssertion(SoftAssert.java:13)
at com.softAssert.SoftAssert.softAssertion(SoftAssert.java:13)
at com.softAssert.SoftAssert.softAssertion(SoftAssert.java:13)
at com.softAssert.SoftAssert.softAssertion(SoftAssert.java:13)
at com.softAssert.SoftAssert.softAssertion(SoftAssert.java:13)
at com.softAssert.SoftAssert.softAssertion(SoftAssert.java:13)
at com.softAssert.SoftAssert.softAssertion(SoftAssert.java:13)
at com.softAssert.SoftAssert.softAssertion(SoftAssert.java:13)
at com.softAssert.SoftAssert.softAssertion(SoftAssert.java:13)
at com.softAssert.SoftAssert.softAssertion(SoftAssert.java:13)
at com.softAssert.SoftAssert.softAssertion(SoftAssert.java:13)
at com.softAssert.SoftAssert.softAssertion(SoftAssert.java:13)
at com.softAssert.SoftAssert.softAssertion(SoftAssert.java:13)
at com.softAssert.SoftAssert.softAssertion(SoftAssert.java:13)
at com.softAssert.SoftAssert.softAssertion(SoftAssert.java:13)
at com.softAssert.SoftAssert.softAssertion(SoftAssert.java:13)
at com.softAssert.SoftAssert.softAssertion(SoftAssert.java:13)
at com.softAssert.SoftAssert.softAssertion(SoftAssert.java:13)
at com.softAssert.SoftAssert.softAssertion(SoftAssert.java:13)
at com.softAssert.SoftAssert.softAssertion(SoftAssert.java:13)
at com.softAssert.SoftAssert.softAssertion(SoftAssert.java:13)
at com.softAssert.SoftAssert.softAssertion(SoftAssert.java:13)
at com.softAssert.SoftAssert.softAssertion(SoftAssert.java:13)
at com.softAssert.SoftAssert.softAssertion(SoftAssert.java:13)
at com.softAssert.SoftAssert.softAssertion(SoftAssert.java:13)
at com.softAssert.SoftAssert.softAssertion(SoftAssert.java:13)
at com.softAssert.SoftAssert.softAssertion(SoftAssert.java:13)
at com.softAssert.SoftAssert.softAssertion(SoftAssert.java:13)
at com.softAssert.SoftAssert.softAssertion(SoftAssert.java:13)
at com.softAssert.SoftAssert.softAssertion(SoftAssert.java:13)
at com.softAssert.SoftAssert.softAssertion(SoftAssert.java:13)
at com.softAssert.SoftAssert.softAssertion(SoftAssert.java:13)
at com.softAssert.SoftAssert.softAssertion(SoftAssert.java:13)
at com.softAssert.SoftAssert.softAssertion(SoftAssert.java:13)
at com.softAssert.SoftAssert.softAssertion(SoftAssert.java:13)
at com.softAssert.SoftAssert.softAssertion(SoftAssert.java:13)
at com.softAssert.SoftAssert.softAssertion(SoftAssert.java:13)
at com.softAssert.SoftAssert.softAssertion(SoftAssert.java:13)
at com.softAssert.SoftAssert.softAssertion(SoftAssert.java:13)
at com.softAssert.SoftAssert.softAssertion(SoftAssert.java:13)
at com.softAssert.SoftAssert.softAssertion(SoftAssert.java:13)
at com.softAssert.SoftAssert.softAssertion(SoftAssert.java:13)
at com.softAssert.SoftAssert.softAssertion(SoftAssert.java:13)
at com.softAssert.SoftAssert.softAssertion(SoftAssert.java:13)
at com.softAssert.SoftAssert.softAssertion(SoftAssert.java:13)
at com.softAssert.SoftAssert.softAssertion(SoftAssert.java:13)
at com.softAssert.SoftAssert.softAssertion(SoftAssert.java:13)
at com.softAssert.SoftAssert.softAssertion(SoftAssert.java:13)
at com.softAssert.SoftAssert.softAssertion(SoftAssert.java:13)
at com.softAssert.SoftAssert.softAssertion(SoftAssert.java:13)
at com.softAssert.SoftAssert.softAssertion(SoftAssert.java:13)
at com.softAssert.SoftAssert.softAssertion(SoftAssert.java:13)
at com.softAssert.SoftAssert.softAssertion(SoftAssert.java:13)
at com.softAssert.SoftAssert.softAssertion(SoftAssert.java:13)
at com.softAssert.SoftAssert.softAssertion(SoftAssert.java:13)
at com.softAssert.SoftAssert.softAssertion(SoftAssert.java:13)
at com.softAssert.SoftAssert.softAssertion(SoftAssert.java:13)
at com.softAssert.SoftAssert.softAssertion(SoftAssert.java:13)
at com.softAssert.SoftAssert.softAssertion(SoftAssert.java:13)
at com.softAssert.SoftAssert.softAssertion(SoftAssert.java:13)
at com.softAssert.SoftAssert.softAssertion(SoftAssert.java:13)
at com.softAssert.SoftAssert.softAssertion(SoftAssert.java:13)
at com.softAssert.SoftAssert.softAssertion(SoftAssert.java:13)
at com.softAssert.SoftAssert.softAssertion(SoftAssert.java:13)
at com.softAssert.SoftAssert.softAssertion(SoftAssert.java:13)
at com.softAssert.SoftAssert.softAssertion(SoftAssert.java:13)
at com.softAssert.SoftAssert.softAssertion(SoftAssert.java:13)
at com.softAssert.SoftAssert.softAssertion(SoftAssert.java:13)
at com.softAssert.SoftAssert.softAssertion(SoftAssert.java:13)
at com.softAssert.SoftAssert.softAssertion(SoftAssert.java:13)
at com.softAssert.SoftAssert.softAssertion(SoftAssert.java:13)
at com.softAssert.SoftAssert.softAssertion(SoftAssert.java:13)
at com.softAssert.SoftAssert.softAssertion(SoftAssert.java:13)
at com.softAssert.SoftAssert.softAssertion(SoftAssert.java:13)
at com.softAssert.SoftAssert.softAssertion(SoftAssert.java:13)
at com.softAssert.SoftAssert.softAssertion(SoftAssert.java:13)
at com.softAssert.SoftAssert.softAssertion(SoftAssert.java:13)
at com.softAssert.SoftAssert.softAssertion(SoftAssert.java:13)
at com.softAssert.SoftAssert.softAssertion(SoftAssert.java:13)
at com.softAssert.SoftAssert.softAssertion(SoftAssert.java:13)
at com.softAssert.SoftAssert.softAssertion(SoftAssert.java:13)
at com.softAssert.SoftAssert.softAssertion(SoftAssert.java:13)
at com.softAssert.SoftAssert.softAssertion(SoftAssert.java:13)
at com.softAssert.SoftAssert.softAssertion(SoftAssert.java:13)
at com.softAssert.SoftAssert.softAssertion(SoftAssert.java:13)
at com.softAssert.SoftAssert.softAssertion(SoftAssert.java:13)
at com.softAssert.SoftAssert.softAssertion(SoftAssert.java:13)
at com.softAssert.SoftAssert.softAssertion(SoftAssert.java:13)
at com.softAssert.SoftAssert.softAssertion(SoftAssert.java:13)
at com.softAssert.SoftAssert.softAssertion(SoftAssert.java:13)
at com.softAssert.SoftAssert.softAssertion(SoftAssert.java:13)
at com.softAssert.SoftAssert.softAssertion(SoftAssert.java:13)
at com.softAssert.SoftAssert.softAssertion(SoftAssert.java:13)
at com.softAssert.SoftAssert.softAssertion(SoftAssert.java:13)
at com.softAssert.SoftAssert.softAssertion(SoftAssert.java:13)
at com.softAssert.SoftAssert.softAssertion(SoftAssert.java:13)
at com.softAssert.SoftAssert.softAssertion(SoftAssert.java:13)
at com.softAssert.SoftAssert.softAssertion(SoftAssert.java:13)
at com.softAssert.SoftAssert.softAssertion(SoftAssert.java:13)
at com.softAssert.SoftAssert.softAssertion(SoftAssert.java:13)
at com.softAssert.SoftAssert.softAssertion(SoftAssert.java:13)
at com.softAssert.SoftAssert.softAssertion(SoftAssert.java:13)
at com.softAssert.SoftAssert.softAssertion(SoftAssert.java:13)
at com.softAssert.SoftAssert.softAssertion(SoftAssert.java:13)
at com.softAssert.SoftAssert.softAssertion(SoftAssert.java:13)
at com.softAssert.SoftAssert.softAssertion(SoftAssert.java:13)
at com.softAssert.SoftAssert.softAssertion(SoftAssert.java:13)
at com.softAssert.SoftAssert.softAssertion(SoftAssert.java:13)
at com.softAssert.SoftAssert.softAssertion(SoftAssert.java:13)
at com.softAssert.SoftAssert.softAssertion(SoftAssert.java:13)
at com.softAssert.SoftAssert.softAssertion(SoftAssert.java:13)
at com.softAssert.SoftAssert.softAssertion(SoftAssert.java:13)
at com.softAssert.SoftAssert.softAssertion(SoftAssert.java:13)
at com.softAssert.SoftAssert.softAssertion(SoftAssert.java:13)
at com.softAssert.SoftAssert.softAssertion(SoftAssert.java:13)
at com.softAssert.SoftAssert.softAssertion(SoftAssert.java:13)
at com.softAssert.SoftAssert.softAssertion(SoftAssert.java:13)
at com.softAssert.SoftAssert.softAssertion(SoftAssert.java:13)
at com.softAssert.SoftAssert.softAssertion(SoftAssert.java:13)
at com.softAssert.SoftAssert.softAssertion(SoftAssert.java:13)
at com.softAssert.SoftAssert.softAssertion(SoftAssert.java:13)
at com.softAssert.SoftAssert.softAssertion(SoftAssert.java:13)
at com.softAssert.SoftAssert.softAssertion(SoftAssert.java:13)
at com.softAssert.SoftAssert.softAssertion(SoftAssert.java:13)
at com.softAssert.SoftAssert.softAssertion(SoftAssert.java:13)
at com.softAssert.SoftAssert.softAssertion(SoftAssert.java:13)
at com.softAssert.SoftAssert.softAssertion(SoftAssert.java:13)
at com.softAssert.SoftAssert.softAssertion(SoftAssert.java:13)
at com.softAssert.SoftAssert.softAssertion(SoftAssert.java:13)
at com.softAssert.SoftAssert.softAssertion(SoftAssert.java:13)
at com.softAssert.SoftAssert.softAssertion(SoftAssert.java:13)
at com.softAssert.SoftAssert.softAssertion(SoftAssert.java:13)
at com.softAssert.SoftAssert.softAssertion(SoftAssert.java:13)
at com.softAssert.SoftAssert.softAssertion(SoftAssert.java:13)
at com.softAssert.SoftAssert.softAssertion(SoftAssert.java:13)
at com.softAssert.SoftAssert.softAssertion(SoftAssert.java:13)
at com.softAssert.SoftAssert.softAssertion(SoftAssert.java:13)
at com.softAssert.SoftAssert.softAssertion(SoftAssert.java:13)
at com.softAssert.SoftAssert.softAssertion(SoftAssert.java:13)
at com.softAssert.SoftAssert.softAssertion(SoftAssert.java:13)
at com.softAssert.SoftAssert.softAssertion(SoftAssert.java:13)
at com.softAssert.SoftAssert.softAssertion(SoftAssert.java:13)
at com.softAssert.SoftAssert.softAssertion(SoftAssert.java:13)
at com.softAssert.SoftAssert.softAssertion(SoftAssert.java:13)
at com.softAssert.SoftAssert.softAssertion(SoftAssert.java:13)
at com.softAssert.SoftAssert.softAssertion(SoftAssert.java:13)
at com.softAssert.SoftAssert.softAssertion(SoftAssert.java:13)
at com.softAssert.SoftAssert.softAssertion(SoftAssert.java:13)
at com.softAssert.SoftAssert.softAssertion(SoftAssert.java:13)
at com.softAssert.SoftAssert.softAssertion(SoftAssert.java:13)
at com.softAssert.SoftAssert.softAssertion(SoftAssert.java:13)
at com.softAssert.SoftAssert.softAssertion(SoftAssert.java:13)
at com.softAssert.SoftAssert.softAssertion(SoftAssert.java:13)
at com.softAssert.SoftAssert.softAssertion(SoftAssert.java:13)
at com.softAssert.SoftAssert.softAssertion(SoftAssert.java:13)
at com.softAssert.SoftAssert.softAssertion(SoftAssert.java:13)
at com.softAssert.SoftAssert.softAssertion(SoftAssert.java:13)
at com.softAssert.SoftAssert.softAssertion(SoftAssert.java:13)
at com.softAssert.SoftAssert.softAssertion(SoftAssert.java:13)
at com.softAssert.SoftAssert.softAssertion(SoftAssert.java:13)
at com.softAssert.SoftAssert.softAssertion(SoftAssert.java:13)
at com.softAssert.SoftAssert.softAssertion(SoftAssert.java:13)
at com.softAssert.SoftAssert.softAssertion(SoftAssert.java:13)
at com.softAssert.SoftAssert.softAssertion(SoftAssert.java:13)
at com.softAssert.SoftAssert.softAssertion(SoftAssert.java:13)
at com.softAssert.SoftAssert.softAssertion(SoftAssert.java:13)
at com.softAssert.SoftAssert.softAssertion(SoftAssert.java:13)
at com.softAssert.SoftAssert.softAssertion(SoftAssert.java:13)
at com.softAssert.SoftAssert.softAssertion(SoftAssert.java:13)
at com.softAssert.SoftAssert.softAssertion(SoftAssert.java:13)
at com.softAssert.SoftAssert.softAssertion(SoftAssert.java:13)
at com.softAssert.SoftAssert.softAssertion(SoftAssert.java:13)
at com.softAssert.SoftAssert.softAssertion(SoftAssert.java:13)
at com.softAssert.SoftAssert.softAssertion(SoftAssert.java:13)
at com.softAssert.SoftAssert.softAssertion(SoftAssert.java:13)
at com.softAssert.SoftAssert.softAssertion(SoftAssert.java:13)
at com.softAssert.SoftAssert.softAssertion(SoftAssert.java:13)
at com.softAssert.SoftAssert.softAssertion(SoftAssert.java:13)
at com.softAssert.SoftAssert.softAssertion(SoftAssert.java:13)
at com.softAssert.SoftAssert.softAssertion(SoftAssert.java:13)
at com.softAssert.SoftAssert.softAssertion(SoftAssert.java:13)
at com.softAssert.SoftAssert.softAssertion(SoftAssert.java:13)
at com.softAssert.SoftAssert.softAssertion(SoftAssert.java:13)
at com.softAssert.SoftAssert.softAssertion(SoftAssert.java:13)
at com.softAssert.SoftAssert.softAssertion(SoftAssert.java:13)
at com.softAssert.SoftAssert.softAssertion(SoftAssert.java:13)
at com.softAssert.SoftAssert.softAssertion(SoftAssert.java:13)
at com.softAssert.SoftAssert.softAssertion(SoftAssert.java:13)
at com.softAssert.SoftAssert.softAssertion(SoftAssert.java:13)
at com.softAssert.SoftAssert.softAssertion(SoftAssert.java:13)
at com.softAssert.SoftAssert.softAssertion(SoftAssert.java:13)
at com.softAssert.SoftAssert.softAssertion(SoftAssert.java:13)
at com.softAssert.SoftAssert.softAssertion(SoftAssert.java:13)
at com.softAssert.SoftAssert.softAssertion(SoftAssert.java:13)
at com.softAssert.SoftAssert.softAssertion(SoftAssert.java:13)
at com.softAssert.SoftAssert.softAssertion(SoftAssert.java:13)
at com.softAssert.SoftAssert.softAssertion(SoftAssert.java:13)
at com.softAssert.SoftAssert.softAssertion(SoftAssert.java:13)
at com.softAssert.SoftAssert.softAssertion(SoftAssert.java:13)
at com.softAssert.SoftAssert.softAssertion(SoftAssert.java:13)
at com.softAssert.SoftAssert.softAssertion(SoftAssert.java:13)
at com.softAssert.SoftAssert.softAssertion(SoftAssert.java:13)
at com.softAssert.SoftAssert.softAssertion(SoftAssert.java:13)
at com.softAssert.SoftAssert.softAssertion(SoftAssert.java:13)
at com.softAssert.SoftAssert.softAssertion(SoftAssert.java:13)
at com.softAssert.SoftAssert.softAssertion(SoftAssert.java:13)
at com.softAssert.SoftAssert.softAssertion(SoftAssert.java:13)
at com.softAssert.SoftAssert.softAssertion(SoftAssert.java:13)
at com.softAssert.SoftAssert.softAssertion(SoftAssert.java:13)
at com.softAssert.SoftAssert.softAssertion(SoftAssert.java:13)
at com.softAssert.SoftAssert.softAssertion(SoftAssert.java:13)
at com.softAssert.SoftAssert.softAssertion(SoftAssert.java:13)
at com.softAssert.SoftAssert.softAssertion(SoftAssert.java:13)
at com.softAssert.SoftAssert.softAssertion(SoftAssert.java:13)
at com.softAssert.SoftAssert.softAssertion(SoftAssert.java:13)
at com.softAssert.SoftAssert.softAssertion(SoftAssert.java:13)
at com.softAssert.SoftAssert.softAssertion(SoftAssert.java:13)
at com.softAssert.SoftAssert.softAssertion(SoftAssert.java:13)
at com.softAssert.SoftAssert.softAssertion(SoftAssert.java:13)
at com.softAssert.SoftAssert.softAssertion(SoftAssert.java:13)
at com.softAssert.SoftAssert.softAssertion(SoftAssert.java:13)
at com.softAssert.SoftAssert.softAssertion(SoftAssert.java:13)
at com.softAssert.SoftAssert.softAssertion(SoftAssert.java:13)
at com.softAssert.SoftAssert.softAssertion(SoftAssert.java:13)
at com.softAssert.SoftAssert.softAssertion(SoftAssert.java:13)
at com.softAssert.SoftAssert.softAssertion(SoftAssert.java:13)
at com.softAssert.SoftAssert.softAssertion(SoftAssert.java:13)
at com.softAssert.SoftAssert.softAssertion(SoftAssert.java:13)
at com.softAssert.SoftAssert.softAssertion(SoftAssert.java:13)
at com.softAssert.SoftAssert.softAssertion(SoftAssert.java:13)
at com.softAssert.SoftAssert.softAssertion(SoftAssert.java:13)
at com.softAssert.SoftAssert.softAssertion(SoftAssert.java:13)
at com.softAssert.SoftAssert.softAssertion(SoftAssert.java:13)
at com.softAssert.SoftAssert.softAssertion(SoftAssert.java:13)
at com.softAssert.SoftAssert.softAssertion(SoftAssert.java:13)
at com.softAssert.SoftAssert.softAssertion(SoftAssert.java:13)
at com.softAssert.SoftAssert.softAssertion(SoftAssert.java:13)
at com.softAssert.SoftAssert.softAssertion(SoftAssert.java:13)
at com.softAssert.SoftAssert.softAssertion(SoftAssert.java:13)
at com.softAssert.SoftAssert.softAssertion(SoftAssert.java:13)
at com.softAssert.SoftAssert.softAssertion(SoftAssert.java:13)
at com.softAssert.SoftAssert.softAssertion(SoftAssert.java:13)
at com.softAssert.SoftAssert.softAssertion(SoftAssert.java:13)
at com.softAssert.SoftAssert.softAssertion(SoftAssert.java:13)
at com.softAssert.SoftAssert.softAssertion(SoftAssert.java:13)
at com.softAssert.SoftAssert.softAssertion(SoftAssert.java:13)
at com.softAssert.SoftAssert.softAssertion(SoftAssert.java:13)
at com.softAssert.SoftAssert.softAssertion(SoftAssert.java:13)
at com.softAssert.SoftAssert.softAssertion(SoftAssert.java:13)
at com.softAssert.SoftAssert.softAssertion(SoftAssert.java:13)
at com.softAssert.SoftAssert.softAssertion(SoftAssert.java:13)
at com.softAssert.SoftAssert.softAssertion(SoftAssert.java:13)
at com.softAssert.SoftAssert.softAssertion(SoftAssert.java:13)
at com.softAssert.SoftAssert.softAssertion(SoftAssert.java:13)
at com.softAssert.SoftAssert.softAssertion(SoftAssert.java:13)
at com.softAssert.SoftAssert.softAssertion(SoftAssert.java:13)
at com.softAssert.SoftAssert.softAssertion(SoftAssert.java:13)
at com.softAssert.SoftAssert.softAssertion(SoftAssert.java:13)
at com.softAssert.SoftAssert.softAssertion(SoftAssert.java:13)
at com.softAssert.SoftAssert.softAssertion(SoftAssert.java:13)
at com.softAssert.SoftAssert.softAssertion(SoftAssert.java:13)
at com.softAssert.SoftAssert.softAssertion(SoftAssert.java:13)
at com.softAssert.SoftAssert.softAssertion(SoftAssert.java:13)
at com.softAssert.SoftAssert.softAssertion(SoftAssert.java:13)
at com.softAssert.SoftAssert.softAssertion(SoftAssert.java:13)
at com.softAssert.SoftAssert.softAssertion(SoftAssert.java:13)
at com.softAssert.SoftAssert.softAssertion(SoftAssert.java:13)
at com.softAssert.SoftAssert.softAssertion(SoftAssert.java:13)
at com.softAssert.SoftAssert.softAssertion(SoftAssert.java:13)
at com.softAssert.SoftAssert.softAssertion(SoftAssert.java:13)
at com.softAssert.SoftAssert.softAssertion(SoftAssert.java:13)
at com.softAssert.SoftAssert.softAssertion(SoftAssert.java:13)
at com.softAssert.SoftAssert.softAssertion(SoftAssert.java:13)
at com.softAssert.SoftAssert.softAssertion(SoftAssert.java:13)
at com.softAssert.SoftAssert.softAssertion(SoftAssert.java:13)
at com.softAssert.SoftAssert.softAssertion(SoftAssert.java:13)
at com.softAssert.SoftAssert.softAssertion(SoftAssert.java:13)
at com.softAssert.SoftAssert.softAssertion(SoftAssert.java:13)
at com.softAssert.SoftAssert.softAssertion(SoftAssert.java:13)
at com.softAssert.SoftAssert.softAssertion(SoftAssert.java:13)
at com.softAssert.SoftAssert.softAssertion(SoftAssert.java:13)
at com.softAssert.SoftAssert.softAssertion(SoftAssert.java:13)
at com.softAssert.SoftAssert.softAssertion(SoftAssert.java:13)
at com.softAssert.SoftAssert.softAssertion(SoftAssert.java:13)
at com.softAssert.SoftAssert.softAssertion(SoftAssert.java:13)
at com.softAssert.SoftAssert.softAssertion(SoftAssert.java:13)
at com.softAssert.SoftAssert.softAssertion(SoftAssert.java:13)
at com.softAssert.SoftAssert.softAssertion(SoftAssert.java:13)
at com.softAssert.SoftAssert.softAssertion(SoftAssert.java:13)
at com.softAssert.SoftAssert.softAssertion(SoftAssert.java:13)
at com.softAssert.SoftAssert.softAssertion(SoftAssert.java:13)
at com.softAssert.SoftAssert.softAssertion(SoftAssert.java:13)
at com.softAssert.SoftAssert.softAssertion(SoftAssert.java:13)
at com.softAssert.SoftAssert.softAssertion(SoftAssert.java:13)
at com.softAssert.SoftAssert.softAssertion(SoftAssert.java:13)
at com.softAssert.SoftAssert.softAssertion(SoftAssert.java:13)
at com.softAssert.SoftAssert.softAssertion(SoftAssert.java:13)
at com.softAssert.SoftAssert.softAssertion(SoftAssert.java:13)
at com.softAssert.SoftAssert.softAssertion(SoftAssert.java:13)
at com.softAssert.SoftAssert.softAssertion(SoftAssert.java:13)
at com.softAssert.SoftAssert.softAssertion(SoftAssert.java:13)
at com.softAssert.SoftAssert.softAssertion(SoftAssert.java:13)
at com.softAssert.SoftAssert.softAssertion(SoftAssert.java:13)
at com.softAssert.SoftAssert.softAssertion(SoftAssert.java:13)
at com.softAssert.SoftAssert.softAssertion(SoftAssert.java:13)
at com.softAssert.SoftAssert.softAssertion(SoftAssert.java:13)
at com.softAssert.SoftAssert.softAssertion(SoftAssert.java:13)
at com.softAssert.SoftAssert.softAssertion(SoftAssert.java:13)
at com.softAssert.SoftAssert.softAssertion(SoftAssert.java:13)
at com.softAssert.SoftAssert.softAssertion(SoftAssert.java:13)
at com.softAssert.SoftAssert.softAssertion(SoftAssert.java:13)
at com.softAssert.SoftAssert.softAssertion(SoftAssert.java:13)
at com.softAssert.SoftAssert.softAssertion(SoftAssert.java:13)
at com.softAssert.SoftAssert.softAssertion(SoftAssert.java:13)
at com.softAssert.SoftAssert.softAssertion(SoftAssert.java:13)
at com.softAssert.SoftAssert.softAssertion(SoftAssert.java:13)
at com.softAssert.SoftAssert.softAssertion(SoftAssert.java:13)
at com.softAssert.SoftAssert.softAssertion(SoftAssert.java:13)
at com.softAssert.SoftAssert.softAssertion(SoftAssert.java:13)
at com.softAssert.SoftAssert.softAssertion(SoftAssert.java:13)
at com.softAssert.SoftAssert.softAssertion(SoftAssert.java:13)
at com.softAssert.SoftAssert.softAssertion(SoftAssert.java:13)
at com.softAssert.SoftAssert.softAssertion(SoftAssert.java:13)
at com.softAssert.SoftAssert.softAssertion(SoftAssert.java:13)
at com.softAssert.SoftAssert.softAssertion(SoftAssert.java:13)
at com.softAssert.SoftAssert.softAssertion(SoftAssert.java:13)
at com.softAssert.SoftAssert.softAssertion(SoftAssert.java:13)
at com.softAssert.SoftAssert.softAssertion(SoftAssert.java:13)
at com.softAssert.SoftAssert.softAssertion(SoftAssert.java:13)
at com.softAssert.SoftAssert.softAssertion(SoftAssert.java:13)
at com.softAssert.SoftAssert.softAssertion(SoftAssert.java:13)
at com.softAssert.SoftAssert.softAssertion(SoftAssert.java:13)
at com.softAssert.SoftAssert.softAssertion(SoftAssert.java:13)
at com.softAssert.SoftAssert.softAssertion(SoftAssert.java:13)
at com.softAssert.SoftAssert.softAssertion(SoftAssert.java:13)
at com.softAssert.SoftAssert.softAssertion(SoftAssert.java:13)
at com.softAssert.SoftAssert.softAssertion(SoftAssert.java:13)
at com.softAssert.SoftAssert.softAssertion(SoftAssert.java:13)
at com.softAssert.SoftAssert.softAssertion(SoftAssert.java:13)
at com.softAssert.SoftAssert.softAssertion(SoftAssert.java:13)
at com.softAssert.SoftAssert.softAssertion(SoftAssert.java:13)
at com.softAssert.SoftAssert.softAssertion(SoftAssert.java:13)
at com.softAssert.SoftAssert.softAssertion(SoftAssert.java:13)
at com.softAssert.SoftAssert.softAssertion(SoftAssert.java:13)
at com.softAssert.SoftAssert.softAssertion(SoftAssert.java:13)
at com.softAssert.SoftAssert.softAssertion(SoftAssert.java:13)
at com.softAssert.SoftAssert.softAssertion(SoftAssert.java:13)
at com.softAssert.SoftAssert.softAssertion(SoftAssert.java:13)
at com.softAssert.SoftAssert.softAssertion(SoftAssert.java:13)
at com.softAssert.SoftAssert.softAssertion(SoftAssert.java:13)
at com.softAssert.SoftAssert.softAssertion(SoftAssert.java:13)
at com.softAssert.SoftAssert.softAssertion(SoftAssert.java:13)
at com.softAssert.SoftAssert.softAssertion(SoftAssert.java:13)
at com.softAssert.SoftAssert.softAssertion(SoftAssert.java:13)
at com.softAssert.SoftAssert.softAssertion(SoftAssert.java:13)
at com.softAssert.SoftAssert.softAssertion(SoftAssert.java:13)
at com.softAssert.SoftAssert.softAssertion(SoftAssert.java:13)
at com.softAssert.SoftAssert.softAssertion(SoftAssert.java:13)
at com.softAssert.SoftAssert.softAssertion(SoftAssert.java:13)
at com.softAssert.SoftAssert.softAssertion(SoftAssert.java:13)
at com.softAssert.SoftAssert.softAssertion(SoftAssert.java:13)
at com.softAssert.SoftAssert.softAssertion(SoftAssert.java:13)
at com.softAssert.SoftAssert.softAssertion(SoftAssert.java:13)
at com.softAssert.SoftAssert.softAssertion(SoftAssert.java:13)
at com.softAssert.SoftAssert.softAssertion(SoftAssert.java:13)
at com.softAssert.SoftAssert.softAssertion(SoftAssert.java:13)
at com.softAssert.SoftAssert.softAssertion(SoftAssert.java:13)
at com.softAssert.SoftAssert.softAssertion(SoftAssert.java:13)
at com.softAssert.SoftAssert.softAssertion(SoftAssert.java:13)
at com.softAssert.SoftAssert.softAssertion(SoftAssert.java:13)
at com.softAssert.SoftAssert.softAssertion(SoftAssert.java:13)
at com.softAssert.SoftAssert.softAssertion(SoftAssert.java:13)
at com.softAssert.SoftAssert.softAssertion(SoftAssert.java:13)
at com.softAssert.SoftAssert.softAssertion(SoftAssert.java:13)
at com.softAssert.SoftAssert.softAssertion(SoftAssert.java:13)
at com.softAssert.SoftAssert.softAssertion(SoftAssert.java:13)
at com.softAssert.SoftAssert.softAssertion(SoftAssert.java:13)
at com.softAssert.SoftAssert.softAssertion(SoftAssert.java:13)
at com.softAssert.SoftAssert.softAssertion(SoftAssert.java:13)
at com.softAssert.SoftAssert.softAssertion(SoftAssert.java:13)
at com.softAssert.SoftAssert.softAssertion(SoftAssert.java:13)
at com.softAssert.SoftAssert.softAssertion(SoftAssert.java:13)
at com.softAssert.SoftAssert.softAssertion(SoftAssert.java:13)
at com.softAssert.SoftAssert.softAssertion(SoftAssert.java:13)
at com.softAssert.SoftAssert.softAssertion(SoftAssert.java:13)
at com.softAssert.SoftAssert.softAssertion(SoftAssert.java:13)
at com.softAssert.SoftAssert.softAssertion(SoftAssert.java:13)
at com.softAssert.SoftAssert.softAssertion(SoftAssert.java:13)
at com.softAssert.SoftAssert.softAssertion(SoftAssert.java:13)
at com.softAssert.SoftAssert.softAssertion(SoftAssert.java:13)
at com.softAssert.SoftAssert.softAssertion(SoftAssert.java:13)
at com.softAssert.SoftAssert.softAssertion(SoftAssert.java:13)
at com.softAssert.SoftAssert.softAssertion(SoftAssert.java:13)
at com.softAssert.SoftAssert.softAssertion(SoftAssert.java:13)
at com.softAssert.SoftAssert.softAssertion(SoftAssert.java:13)
at com.softAssert.SoftAssert.softAssertion(SoftAssert.java:13)
at com.softAssert.SoftAssert.softAssertion(SoftAssert.java:13)
at com.softAssert.SoftAssert.softAssertion(SoftAssert.java:13)
at com.softAssert.SoftAssert.softAssertion(SoftAssert.java:13)
at com.softAssert.SoftAssert.softAssertion(SoftAssert.java:13)
at com.softAssert.SoftAssert.softAssertion(SoftAssert.java:13)
at com.softAssert.SoftAssert.softAssertion(SoftAssert.java:13)
at com.softAssert.SoftAssert.softAssertion(SoftAssert.java:13)
at com.softAssert.SoftAssert.softAssertion(SoftAssert.java:13)
at com.softAssert.SoftAssert.softAssertion(SoftAssert.java:13)
at com.softAssert.SoftAssert.softAssertion(SoftAssert.java:13)
at com.softAssert.SoftAssert.softAssertion(SoftAssert.java:13)
at com.softAssert.SoftAssert.softAssertion(SoftAssert.java:13)
at com.softAssert.SoftAssert.softAssertion(SoftAssert.java:13)
at com.softAssert.SoftAssert.softAssertion(SoftAssert.java:13)
at com.softAssert.SoftAssert.softAssertion(SoftAssert.java:13)
at com.softAssert.SoftAssert.softAssertion(SoftAssert.java:13)
at com.softAssert.SoftAssert.softAssertion(SoftAssert.java:13)
at com.softAssert.SoftAssert.softAssertion(SoftAssert.java:13)
at com.softAssert.SoftAssert.softAssertion(SoftAssert.java:13)
at com.softAssert.SoftAssert.softAssertion(SoftAssert.java:13)
at com.softAssert.SoftAssert.softAssertion(SoftAssert.java:13)
at com.softAssert.SoftAssert.softAssertion(SoftAssert.java:13)
at com.softAssert.SoftAssert.softAssertion(SoftAssert.java:13)
at com.softAssert.SoftAssert.softAssertion(SoftAssert.java:13)
at com.softAssert.SoftAssert.softAssertion(SoftAssert.java:13)
at com.softAssert.SoftAssert.softAssertion(SoftAssert.java:13)
at com.softAssert.SoftAssert.softAssertion(SoftAssert.java:13)
at com.softAssert.SoftAssert.softAssertion(SoftAssert.java:13)
at com.softAssert.SoftAssert.softAssertion(SoftAssert.java:13)
at com.softAssert.SoftAssert.softAssertion(SoftAssert.java:13)
at com.softAssert.SoftAssert.softAssertion(SoftAssert.java:13)
at com.softAssert.SoftAssert.softAssertion(SoftAssert.java:13)
at com.softAssert.SoftAssert.softAssertion(SoftAssert.java:13)
at com.softAssert.SoftAssert.softAssertion(SoftAssert.java:13)
at com.softAssert.SoftAssert.softAssertion(SoftAssert.java:13)
at com.softAssert.SoftAssert.softAssertion(SoftAssert.java:13)
at com.softAssert.SoftAssert.softAssertion(SoftAssert.java:13)
at com.softAssert.SoftAssert.softAssertion(SoftAssert.java:13)
at com.softAssert.SoftAssert.softAssertion(SoftAssert.java:13)
at com.softAssert.SoftAssert.softAssertion(SoftAssert.java:13)
at com.softAssert.SoftAssert.softAssertion(SoftAssert.java:13)
at com.softAssert.SoftAssert.softAssertion(SoftAssert.java:13)
at com.softAssert.SoftAssert.softAssertion(SoftAssert.java:13)
at com.softAssert.SoftAssert.softAssertion(SoftAssert.java:13)
at com.softAssert.SoftAssert.softAssertion(SoftAssert.java:13)
at com.softAssert.SoftAssert.softAssertion(SoftAssert.java:13)
at com.softAssert.SoftAssert.softAssertion(SoftAssert.java:13)
at com.softAssert.SoftAssert.softAssertion(SoftAssert.java:13)
at com.softAssert.SoftAssert.softAssertion(SoftAssert.java:13)
at com.softAssert.SoftAssert.softAssertion(SoftAssert.java:13)
at com.softAssert.SoftAssert.softAssertion(SoftAssert.java:13)
at com.softAssert.SoftAssert.softAssertion(SoftAssert.java:13)
at com.softAssert.SoftAssert.softAssertion(SoftAssert.java:13)
at com.softAssert.SoftAssert.softAssertion(SoftAssert.java:13)
at com.softAssert.SoftAssert.softAssertion(SoftAssert.java:13)
at com.softAssert.SoftAssert.softAssertion(SoftAssert.java:13)
at com.softAssert.SoftAssert.softAssertion(SoftAssert.java:13)
at com.softAssert.SoftAssert.softAssertion(SoftAssert.java:13)
at com.softAssert.SoftAssert.softAssertion(SoftAssert.java:13)
at com.softAssert.SoftAssert.softAssertion(SoftAssert.java:13)
at com.softAssert.SoftAssert.softAssertion(SoftAssert.java:13)
at com.softAssert.SoftAssert.softAssertion(SoftAssert.java:13)
at com.softAssert.SoftAssert.softAssertion(SoftAssert.java:13)
at com.softAssert.SoftAssert.softAssertion(SoftAssert.java:13)
at com.softAssert.SoftAssert.softAssertion(SoftAssert.java:13)
at com.softAssert.SoftAssert.softAssertion(SoftAssert.java:13)
at com.softAssert.SoftAssert.softAssertion(SoftAssert.java:13)
at com.softAssert.SoftAssert.softAssertion(SoftAssert.java:13)
at com.softAssert.SoftAssert.softAssertion(SoftAssert.java:13)
at com.softAssert.SoftAssert.softAssertion(SoftAssert.java:13)
at com.softAssert.SoftAssert.softAssertion(SoftAssert.java:13)
at com.softAssert.SoftAssert.softAssertion(SoftAssert.java:13)
at com.softAssert.SoftAssert.softAssertion(SoftAssert.java:13)
at com.softAssert.SoftAssert.softAssertion(SoftAssert.java:13)
at com.softAssert.SoftAssert.softAssertion(SoftAssert.java:13)
at com.softAssert.SoftAssert.softAssertion(SoftAssert.java:13)
at com.softAssert.SoftAssert.softAssertion(SoftAssert.java:13)
at com.softAssert.SoftAssert.softAssertion(SoftAssert.java:13)
at com.softAssert.SoftAssert.softAssertion(SoftAssert.java:13)
at com.softAssert.SoftAssert.softAssertion(SoftAssert.java:13)
at com.softAssert.SoftAssert.softAssertion(SoftAssert.java:13)
at com.softAssert.SoftAssert.softAssertion(SoftAssert.java:13)
at com.softAssert.SoftAssert.softAssertion(SoftAssert.java:13)
at com.softAssert.SoftAssert.softAssertion(SoftAssert.java:13)
at com.softAssert.SoftAssert.softAssertion(SoftAssert.java:13)
at com.softAssert.SoftAssert.softAssertion(SoftAssert.java:13)
at com.softAssert.SoftAssert.softAssertion(SoftAssert.java:13)
at com.softAssert.SoftAssert.softAssertion(SoftAssert.java:13)
at com.softAssert.SoftAssert.softAssertion(SoftAssert.java:13)
at com.softAssert.SoftAssert.softAssertion(SoftAssert.java:13)
at com.softAssert.SoftAssert.softAssertion(SoftAssert.java:13)
at com.softAssert.SoftAssert.softAssertion(SoftAssert.java:13)
at com.softAssert.SoftAssert.softAssertion(SoftAssert.java:13)
at com.softAssert.SoftAssert.softAssertion(SoftAssert.java:13)
at com.softAssert.SoftAssert.softAssertion(SoftAssert.java:13)
at com.softAssert.SoftAssert.softAssertion(SoftAssert.java:13)
at com.softAssert.SoftAssert.softAssertion(SoftAssert.java:13)
at com.softAssert.SoftAssert.softAssertion(SoftAssert.java:13)
at com.softAssert.SoftAssert.softAssertion(SoftAssert.java:13)
at com.softAssert.SoftAssert.softAssertion(SoftAssert.java:13)
at com.softAssert.SoftAssert.softAssertion(SoftAssert.java:13)
at com.softAssert.SoftAssert.softAssertion(SoftAssert.java:13)
at com.softAssert.SoftAssert.softAssertion(SoftAssert.java:13)
at com.softAssert.SoftAssert.softAssertion(SoftAssert.java:13)
at com.softAssert.SoftAssert.softAssertion(SoftAssert.java:13)
at com.softAssert.SoftAssert.softAssertion(SoftAssert.java:13)
at com.softAssert.SoftAssert.softAssertion(SoftAssert.java:13)
at com.softAssert.SoftAssert.softAssertion(SoftAssert.java:13)
at com.softAssert.SoftAssert.softAssertion(SoftAssert.java:13)
at com.softAssert.SoftAssert.softAssertion(SoftAssert.java:13)
at com.softAssert.SoftAssert.softAssertion(SoftAssert.java:13)
at com.softAssert.SoftAssert.softAssertion(SoftAssert.java:13)
at com.softAssert.SoftAssert.softAssertion(SoftAssert.java:13)
at com.softAssert.SoftAssert.softAssertion(SoftAssert.java:13)
at com.softAssert.SoftAssert.softAssertion(SoftAssert.java:13)
at com.softAssert.SoftAssert.softAssertion(SoftAssert.java:13)
at com.softAssert.SoftAssert.softAssertion(SoftAssert.java:13)
at com.softAssert.SoftAssert.softAssertion(SoftAssert.java:13)
at com.softAssert.SoftAssert.softAssertion(SoftAssert.java:13)
at com.softAssert.SoftAssert.softAssertion(SoftAssert.java:13)
at com.softAssert.SoftAssert.softAssertion(SoftAssert.java:13)
at com.softAssert.SoftAssert.softAssertion(SoftAssert.java:13)
at com.softAssert.SoftAssert.softAssertion(SoftAssert.java:13)
at com.softAssert.SoftAssert.softAssertion(SoftAssert.java:13)
at com.softAssert.SoftAssert.softAssertion(SoftAssert.java:13)
at com.softAssert.SoftAssert.softAssertion(SoftAssert.java:13)
at com.softAssert.SoftAssert.softAssertion(SoftAssert.java:13)
at com.softAssert.SoftAssert.softAssertion(SoftAssert.java:13)
at com.softAssert.SoftAssert.softAssertion(SoftAssert.java:13)
at com.softAssert.SoftAssert.softAssertion(SoftAssert.java:13)
at com.softAssert.SoftAssert.softAssertion(SoftAssert.java:13)
at com.softAssert.SoftAssert.softAssertion(SoftAssert.java:13)
at com.softAssert.SoftAssert.softAssertion(SoftAssert.java:13)
at com.softAssert.SoftAssert.softAssertion(SoftAssert.java:13)
at com.softAssert.SoftAssert.softAssertion(SoftAssert.java:13)
at com.softAssert.SoftAssert.softAssertion(SoftAssert.java:13)
at com.softAssert.SoftAssert.softAssertion(SoftAssert.java:13)
at com.softAssert.SoftAssert.softAssertion(SoftAssert.java:13)
at com.softAssert.SoftAssert.softAssertion(SoftAssert.java:13)
at com.softAssert.SoftAssert.softAssertion(SoftAssert.java:13)
at com.softAssert.SoftAssert.softAssertion(SoftAssert.java:13)
at com.softAssert.SoftAssert.softAssertion(SoftAssert.java:13)
at com.softAssert.SoftAssert.softAssertion(SoftAssert.java:13)
at com.softAssert.SoftAssert.softAssertion(SoftAssert.java:13)
at com.softAssert.SoftAssert.softAssertion(SoftAssert.java:13)
at com.softAssert.SoftAssert.softAssertion(SoftAssert.java:13)
at com.softAssert.SoftAssert.softAssertion(SoftAssert.java:13)
at com.softAssert.SoftAssert.softAssertion(SoftAssert.java:13)
at com.softAssert.SoftAssert.softAssertion(SoftAssert.java:13)
at com.softAssert.SoftAssert.softAssertion(SoftAssert.java:13)
at com.softAssert.SoftAssert.softAssertion(SoftAssert.java:13)
at com.softAssert.SoftAssert.softAssertion(SoftAssert.java:13)
at com.softAssert.SoftAssert.softAssertion(SoftAssert.java:13)
at com.softAssert.SoftAssert.softAssertion(SoftAssert.java:13)
at com.softAssert.SoftAssert.softAssertion(SoftAssert.java:13)
at com.softAssert.SoftAssert.softAssertion(SoftAssert.java:13)
at com.softAssert.SoftAssert.softAssertion(SoftAssert.java:13)
at com.softAssert.SoftAssert.softAssertion(SoftAssert.java:13)
at com.softAssert.SoftAssert.softAssertion(SoftAssert.java:13)
at com.softAssert.SoftAssert.softAssertion(SoftAssert.java:13)
at com.softAssert.SoftAssert.softAssertion(SoftAssert.java:13)
at com.softAssert.SoftAssert.softAssertion(SoftAssert.java:13)
at com.softAssert.SoftAssert.softAssertion(SoftAssert.java:13)
at com.softAssert.SoftAssert.softAssertion(SoftAssert.java:13)
at com.softAssert.SoftAssert.softAssertion(SoftAssert.java:13)
at com.softAssert.SoftAssert.softAssertion(SoftAssert.java:13)
at com.softAssert.SoftAssert.softAssertion(SoftAssert.java:13)
at com.softAssert.SoftAssert.softAssertion(SoftAssert.java:13)
at com.softAssert.SoftAssert.softAssertion(SoftAssert.java:13)
at com.softAssert.SoftAssert.softAssertion(SoftAssert.java:13)
at com.softAssert.SoftAssert.softAssertion(SoftAssert.java:13)
at com.softAssert.SoftAssert.softAssertion(SoftAssert.java:13)
at com.softAssert.SoftAssert.softAssertion(SoftAssert.java:13)
at com.softAssert.SoftAssert.softAssertion(SoftAssert.java:13)
at com.softAssert.SoftAssert.softAssertion(SoftAssert.java:13)
at com.softAssert.SoftAssert.softAssertion(SoftAssert.java:13)
at com.softAssert.SoftAssert.softAssertion(SoftAssert.java:13)
at com.softAssert.SoftAssert.softAssertion(SoftAssert.java:13)
at com.softAssert.SoftAssert.softAssertion(SoftAssert.java:13)
at com.softAssert.SoftAssert.softAssertion(SoftAssert.java:13)
at com.softAssert.SoftAssert.softAssertion(SoftAssert.java:13)
at com.softAssert.SoftAssert.softAssertion(SoftAssert.java:13)
at com.softAssert.SoftAssert.softAssertion(SoftAssert.java:13)
at com.softAssert.SoftAssert.softAssertion(SoftAssert.java:13)
at com.softAssert.SoftAssert.softAssertion(SoftAssert.java:13)
at com.softAssert.SoftAssert.softAssertion(SoftAssert.java:13)
at com.softAssert.SoftAssert.softAssertion(SoftAssert.java:13)
at com.softAssert.SoftAssert.softAssertion(SoftAssert.java:13)
at com.softAssert.SoftAssert.softAssertion(SoftAssert.java:13)
at com.softAssert.SoftAssert.softAssertion(SoftAssert.java:13)
at com.softAssert.SoftAssert.softAssertion(SoftAssert.java:13)
at com.softAssert.SoftAssert.softAssertion(SoftAssert.java:13)
at com.softAssert.SoftAssert.softAssertion(SoftAssert.java:13)
at com.softAssert.SoftAssert.softAssertion(SoftAssert.java:13)
at com.softAssert.SoftAssert.softAssertion(SoftAssert.java:13)
at com.softAssert.SoftAssert.softAssertion(SoftAssert.java:13)
at com.softAssert.SoftAssert.softAssertion(SoftAssert.java:13)
at com.softAssert.SoftAssert.softAssertion(SoftAssert.java:13)
at com.softAssert.SoftAssert.softAssertion(SoftAssert.java:13)
at com.softAssert.SoftAssert.softAssertion(SoftAssert.java:13)
at com.softAssert.SoftAssert.softAssertion(SoftAssert.java:13)
at com.softAssert.SoftAssert.softAssertion(SoftAssert.java:13)
at com.softAssert.SoftAssert.softAssertion(SoftAssert.java:13)
at com.softAssert.SoftAssert.softAssertion(SoftAssert.java:13)
at com.softAssert.SoftAssert.softAssertion(SoftAssert.java:13)
at com.softAssert.SoftAssert.softAssertion(SoftAssert.java:13)
at com.softAssert.SoftAssert.softAssertion(SoftAssert.java:13)
at com.softAssert.SoftAssert.softAssertion(SoftAssert.java:13)
at com.softAssert.SoftAssert.softAssertion(SoftAssert.java:13)
at com.softAssert.SoftAssert.softAssertion(SoftAssert.java:13)
at com.softAssert.SoftAssert.softAssertion(SoftAssert.java:13)
at com.softAssert.SoftAssert.softAssertion(SoftAssert.java:13)
at com.softAssert.SoftAssert.softAssertion(SoftAssert.java:13)
at com.softAssert.SoftAssert.softAssertion(SoftAssert.java:13)
at com.softAssert.SoftAssert.softAssertion(SoftAssert.java:13)
at com.softAssert.SoftAssert.softAssertion(SoftAssert.java:13)
at com.softAssert.SoftAssert.softAssertion(SoftAssert.java:13)
at com.softAssert.SoftAssert.softAssertion(SoftAssert.java:13)
at com.softAssert.SoftAssert.softAssertion(SoftAssert.java:13)
at com.softAssert.SoftAssert.softAssertion(SoftAssert.java:13)
at com.softAssert.SoftAssert.softAssertion(SoftAssert.java:13)
at com.softAssert.SoftAssert.softAssertion(SoftAssert.java:13)
at com.softAssert.SoftAssert.softAssertion(SoftAssert.java:13)
at com.softAssert.SoftAssert.softAssertion(SoftAssert.java:13)
at com.softAssert.SoftAssert.softAssertion(SoftAssert.java:13)
at com.softAssert.SoftAssert.softAssertion(SoftAssert.java:13)
at com.softAssert.SoftAssert.softAssertion(SoftAssert.java:13)
at com.softAssert.SoftAssert.softAssertion(SoftAssert.java:13)
at com.softAssert.SoftAssert.softAssertion(SoftAssert.java:13)
at com.softAssert.SoftAssert.softAssertion(SoftAssert.java:13)
at com.softAssert.SoftAssert.softAssertion(SoftAssert.java:13)
at com.softAssert.SoftAssert.softAssertion(SoftAssert.java:13)
at com.softAssert.SoftAssert.softAssertion(SoftAssert.java:13)
at com.softAssert.SoftAssert.softAssertion(SoftAssert.java:13)
at com.softAssert.SoftAssert.softAssertion(SoftAssert.java:13)
at com.softAssert.SoftAssert.softAssertion(SoftAssert.java:13)
at com.softAssert.SoftAssert.softAssertion(SoftAssert.java:13)
at com.softAssert.SoftAssert.softAssertion(SoftAssert.java:13)
at com.softAssert.SoftAssert.softAssertion(SoftAssert.java:13)
at com.softAssert.SoftAssert.softAssertion(SoftAssert.java:13)
at com.softAssert.SoftAssert.softAssertion(SoftAssert.java:13)
at com.softAssert.SoftAssert.softAssertion(SoftAssert.java:13)
at com.softAssert.SoftAssert.softAssertion(SoftAssert.java:13)
at com.softAssert.SoftAssert.softAssertion(SoftAssert.java:13)
at com.softAssert.SoftAssert.softAssertion(SoftAssert.java:13)
at com.softAssert.SoftAssert.softAssertion(SoftAssert.java:13)
at com.softAssert.SoftAssert.softAssertion(SoftAssert.java:13)
at com.softAssert.SoftAssert.softAssertion(SoftAssert.java:13)
at com.softAssert.SoftAssert.softAssertion(SoftAssert.java:13)
at com.softAssert.SoftAssert.softAssertion(SoftAssert.java:13)
at com.softAssert.SoftAssert.softAssertion(SoftAssert.java:13)
at com.softAssert.SoftAssert.softAssertion(SoftAssert.java:13)
at com.softAssert.SoftAssert.softAssertion(SoftAssert.java:13)
at com.softAssert.SoftAssert.softAssertion(SoftAssert.java:13)
at com.softAssert.SoftAssert.softAssertion(SoftAssert.java:13)
at com.softAssert.SoftAssert.softAssertion(SoftAssert.java:13)
at com.softAssert.SoftAssert.softAssertion(SoftAssert.java:13)
at com.softAssert.SoftAssert.softAssertion(SoftAssert.java:13)
at com.softAssert.SoftAssert.softAssertion(SoftAssert.java:13)
at com.softAssert.SoftAssert.softAssertion(SoftAssert.java:13)
at com.softAssert.SoftAssert.softAssertion(SoftAssert.java:13)
at com.softAssert.SoftAssert.softAssertion(SoftAssert.java:13)
at com.softAssert.SoftAssert.softAssertion(SoftAssert.java:13)
at com.softAssert.SoftAssert.softAssertion(SoftAssert.java:13)
at com.softAssert.SoftAssert.softAssertion(SoftAssert.java:13)
at com.softAssert.SoftAssert.softAssertion(SoftAssert.java:13)
at com.softAssert.SoftAssert.softAssertion(SoftAssert.java:13)
at com.softAssert.SoftAssert.softAssertion(SoftAssert.java:13)
at com.softAssert.SoftAssert.softAssertion(SoftAssert.java:13)
at com.softAssert.SoftAssert.softAssertion(SoftAssert.java:13)
at com.softAssert.SoftAssert.softAssertion(SoftAssert.java:13)
at com.softAssert.SoftAssert.softAssertion(SoftAssert.java:13)
at com.softAssert.SoftAssert.softAssertion(SoftAssert.java:13)
at com.softAssert.SoftAssert.softAssertion(SoftAssert.java:13)
at com.softAssert.SoftAssert.softAssertion(SoftAssert.java:13)
at com.softAssert.SoftAssert.softAssertion(SoftAssert.java:13)
at com.softAssert.SoftAssert.softAssertion(SoftAssert.java:13)
at com.softAssert.SoftAssert.softAssertion(SoftAssert.java:13)
at com.softAssert.SoftAssert.softAssertion(SoftAssert.java:13)
at com.softAssert.SoftAssert.softAssertion(SoftAssert.java:13)
at com.softAssert.SoftAssert.softAssertion(SoftAssert.java:13)
at com.softAssert.SoftAssert.softAssertion(SoftAssert.java:13)
at com.softAssert.SoftAssert.softAssertion(SoftAssert.java:13)
at com.softAssert.SoftAssert.softAssertion(SoftAssert.java:13)
at com.softAssert.SoftAssert.softAssertion(SoftAssert.java:13)
at com.softAssert.SoftAssert.softAssertion(SoftAssert.java:13)
at com.softAssert.SoftAssert.softAssertion(SoftAssert.java:13)
at com.softAssert.SoftAssert.softAssertion(SoftAssert.java:13)
at com.softAssert.SoftAssert.softAssertion(SoftAssert.java:13)
at com.softAssert.SoftAssert.softAssertion(SoftAssert.java:13)
at com.softAssert.SoftAssert.softAssertion(SoftAssert.java:13)
at com.softAssert.SoftAssert.softAssertion(SoftAssert.java:13)
at com.softAssert.SoftAssert.softAssertion(SoftAssert.java:13)
at com.softAssert.SoftAssert.softAssertion(SoftAssert.java:13)
at com.softAssert.SoftAssert.softAssertion(SoftAssert.java:13)
at com.softAssert.SoftAssert.softAssertion(SoftAssert.java:13)
at com.softAssert.SoftAssert.softAssertion(SoftAssert.java:13)
at com.softAssert.SoftAssert.softAssertion(SoftAssert.java:13)
at com.softAssert.SoftAssert.softAssertion(SoftAssert.java:13)
at com.softAssert.SoftAssert.softAssertion(SoftAssert.java:13)
at com.softAssert.SoftAssert.softAssertion(SoftAssert.java:13)
at com.softAssert.SoftAssert.softAssertion(SoftAssert.java:13)
at com.softAssert.SoftAssert.softAssertion(SoftAssert.java:13)
at com.softAssert.SoftAssert.softAssertion(SoftAssert.java:13)
at com.softAssert.SoftAssert.softAssertion(SoftAssert.java:13)
at com.softAssert.SoftAssert.softAssertion(SoftAssert.java:13)
at com.softAssert.SoftAssert.softAssertion(SoftAssert.java:13)
at com.softAssert.SoftAssert.softAssertion(SoftAssert.java:13)
at com.softAssert.SoftAssert.softAssertion(SoftAssert.java:13)
at com.softAssert.SoftAssert.softAssertion(SoftAssert.java:13)
at com.softAssert.SoftAssert.softAssertion(SoftAssert.java:13)
at com.softAssert.SoftAssert.softAssertion(SoftAssert.java:13)
at com.softAssert.SoftAssert.softAssertion(SoftAssert.java:13)
at com.softAssert.SoftAssert.softAssertion(SoftAssert.java:13)
at com.softAssert.SoftAssert.softAssertion(SoftAssert.java:13)
at com.softAssert.SoftAssert.softAssertion(SoftAssert.java:13)
at com.softAssert.SoftAssert.softAssertion(SoftAssert.java:13)
at com.softAssert.SoftAssert.softAssertion(SoftAssert.java:13)
at com.softAssert.SoftAssert.softAssertion(SoftAssert.java:13)
at com.softAssert.SoftAssert.softAssertion(SoftAssert.java:13)
at com.softAssert.SoftAssert.softAssertion(SoftAssert.java:13)
at com.softAssert.SoftAssert.softAssertion(SoftAssert.java:13)
at com.softAssert.SoftAssert.softAssertion(SoftAssert.java:13)
at com.softAssert.SoftAssert.softAssertion(SoftAssert.java:13)
at com.softAssert.SoftAssert.softAssertion(SoftAssert.java:13)
at com.softAssert.SoftAssert.softAssertion(SoftAssert.java:13)
at com.softAssert.SoftAssert.softAssertion(SoftAssert.java:13)
at com.softAssert.SoftAssert.softAssertion(SoftAssert.java:13)
at com.softAssert.SoftAssert.softAssertion(SoftAssert.java:13)
at com.softAssert.SoftAssert.softAssertion(SoftAssert.java:13)
at com.softAssert.SoftAssert.softAssertion(SoftAssert.java:13)
at com.softAssert.SoftAssert.softAssertion(SoftAssert.java:13)
at com.softAssert.SoftAssert.softAssertion(SoftAssert.java:13)
at com.softAssert.SoftAssert.softAssertion(SoftAssert.java:13)
at com.softAssert.SoftAssert.softAssertion(SoftAssert.java:13)
at com.softAssert.SoftAssert.softAssertion(SoftAssert.java:13)
at com.softAssert.SoftAssert.softAssertion(SoftAssert.java:13)
at com.softAssert.SoftAssert.softAssertion(SoftAssert.java:13)
at com.softAssert.SoftAssert.softAssertion(SoftAssert.java:13)
at com.softAssert.SoftAssert.softAssertion(SoftAssert.java:13)
at com.softAssert.SoftAssert.softAssertion(SoftAssert.java:13)
at com.softAssert.SoftAssert.softAssertion(SoftAssert.java:13)
at com.softAssert.SoftAssert.softAssertion(SoftAssert.java:13)
at com.softAssert.SoftAssert.softAssertion(SoftAssert.java:13)
at com.softAssert.SoftAssert.softAssertion(SoftAssert.java:13)
at com.softAssert.SoftAssert.softAssertion(SoftAssert.java:13)
at com.softAssert.SoftAssert.softAssertion(SoftAssert.java:13)
at com.softAssert.SoftAssert.softAssertion(SoftAssert.java:13)
at com.softAssert.SoftAssert.softAssertion(SoftAssert.java:13)
at com.softAssert.SoftAssert.softAssertion(SoftAssert.java:13)
at com.softAssert.SoftAssert.softAssertion(SoftAssert.java:13)
at com.softAssert.SoftAssert.softAssertion(SoftAssert.java:13)
at com.softAssert.SoftAssert.softAssertion(SoftAssert.java:13)
at com.softAssert.SoftAssert.softAssertion(SoftAssert.java:13)
at com.softAssert.SoftAssert.softAssertion(SoftAssert.java:13)
at com.softAssert.SoftAssert.softAssertion(SoftAssert.java:13)
at com.softAssert.SoftAssert.softAssertion(SoftAssert.java:13)
at com.softAssert.SoftAssert.softAssertion(SoftAssert.java:13)
at com.softAssert.SoftAssert.softAssertion(SoftAssert.java:13)
at com.softAssert.SoftAssert.softAssertion(SoftAssert.java:13)
at com.softAssert.SoftAssert.softAssertion(SoftAssert.java:13)
at com.softAssert.SoftAssert.softAssertion(SoftAssert.java:13)
at com.softAssert.SoftAssert.softAssertion(SoftAssert.java:13)
at com.softAssert.SoftAssert.softAssertion(SoftAssert.java:13)
at com.softAssert.SoftAssert.softAssertion(SoftAssert.java:13)
at com.softAssert.SoftAssert.softAssertion(SoftAssert.java:13)
at com.softAssert.SoftAssert.softAssertion(SoftAssert.java:13)
at com.softAssert.SoftAssert.softAssertion(SoftAssert.java:13)
at com.softAssert.SoftAssert.softAssertion(SoftAssert.java:13)
at com.softAssert.SoftAssert.softAssertion(SoftAssert.java:13)
at com.softAssert.SoftAssert.softAssertion(SoftAssert.java:13)
at com.softAssert.SoftAssert.softAssertion(SoftAssert.java:13)
at com.softAssert.SoftAssert.softAssertion(SoftAssert.java:13)
at com.softAssert.SoftAssert.softAssertion(SoftAssert.java:13)
at com.softAssert.SoftAssert.softAssertion(SoftAssert.java:13)
at com.softAssert.SoftAssert.softAssertion(SoftAssert.java:13)
at com.softAssert.SoftAssert.softAssertion(SoftAssert.java:13)
at com.softAssert.SoftAssert.softAssertion(SoftAssert.java:13)
at com.softAssert.SoftAssert.softAssertion(SoftAssert.java:13)
at com.softAssert.SoftAssert.softAssertion(SoftAssert.java:13)
at com.softAssert.SoftAssert.softAssertion(SoftAssert.java:13)
at com.softAssert.SoftAssert.softAssertion(SoftAssert.java:13)
at com.softAssert.SoftAssert.softAssertion(SoftAssert.java:13)
at com.softAssert.SoftAssert.softAssertion(SoftAssert.java:13)
at com.softAssert.SoftAssert.softAssertion(SoftAssert.java:13)
at com.softAssert.SoftAssert.softAssertion(SoftAssert.java:13)
at com.softAssert.SoftAssert.softAssertion(SoftAssert.java:13)
at com.softAssert.SoftAssert.softAssertion(SoftAssert.java:13)
at com.softAssert.SoftAssert.softAssertion(SoftAssert.java:13)
at com.softAssert.SoftAssert.softAssertion(SoftAssert.java:13)
at com.softAssert.SoftAssert.softAssertion(SoftAssert.java:13)
at com.softAssert.SoftAssert.softAssertion(SoftAssert.java:13)
at com.softAssert.SoftAssert.softAssertion(SoftAssert.java:13)
at com.softAssert.SoftAssert.softAssertion(SoftAssert.java:13)
at com.softAssert.SoftAssert.softAssertion(SoftAssert.java:13)
at com.softAssert.SoftAssert.softAssertion(SoftAssert.java:13)
at com.softAssert.SoftAssert.softAssertion(SoftAssert.java:13)
at com.softAssert.SoftAssert.softAssertion(SoftAssert.java:13)
at com.softAssert.SoftAssert.softAssertion(SoftAssert.java:13)
at com.softAssert.SoftAssert.softAssertion(SoftAssert.java:13)
at com.softAssert.SoftAssert.softAssertion(SoftAssert.java:13)
at com.softAssert.SoftAssert.softAssertion(SoftAssert.java:13)
at com.softAssert.SoftAssert.softAssertion(SoftAssert.java:13)
at com.softAssert.SoftAssert.softAssertion(SoftAssert.java:13)
at com.softAssert.SoftAssert.softAssertion(SoftAssert.java:13)
at com.softAssert.SoftAssert.softAssertion(SoftAssert.java:13)
at com.softAssert.SoftAssert.softAssertion(SoftAssert.java:13)
at com.softAssert.SoftAssert.softAssertion(SoftAssert.java:13)
at com.softAssert.SoftAssert.softAssertion(SoftAssert.java:13)
at com.softAssert.SoftAssert.softAssertion(SoftAssert.java:13)
at com.softAssert.SoftAssert.softAssertion(SoftAssert.java:13)
at com.softAssert.SoftAssert.softAssertion(SoftAssert.java:13)
at com.softAssert.SoftAssert.softAssertion(SoftAssert.java:13)
at com.softAssert.SoftAssert.softAssertion(SoftAssert.java:13)
at com.softAssert.SoftAssert.softAssertion(SoftAssert.java:13)
at com.softAssert.SoftAssert.softAssertion(SoftAssert.java:13)
at com.softAssert.SoftAssert.softAssertion(SoftAssert.java:13)
at com.softAssert.SoftAssert.softAssertion(SoftAssert.java:13)
at com.softAssert.SoftAssert.softAssertion(SoftAssert.java:13)
at com.softAssert.SoftAssert.softAssertion(SoftAssert.java:13)
at com.softAssert.SoftAssert.softAssertion(SoftAssert.java:13)
at com.softAssert.SoftAssert.softAssertion(SoftAssert.java:13)
at com.softAssert.SoftAssert.softAssertion(SoftAssert.java:13)
at com.softAssert.SoftAssert.softAssertion(SoftAssert.java:13)
at com.softAssert.SoftAssert.softAssertion(SoftAssert.java:13)
at com.softAssert.SoftAssert.softAssertion(SoftAssert.java:13)
at com.softAssert.SoftAssert.softAssertion(SoftAssert.java:13)
at com.softAssert.SoftAssert.softAssertion(SoftAssert.java:13)
at com.softAssert.SoftAssert.softAssertion(SoftAssert.java:13)
at com.softAssert.SoftAssert.softAssertion(SoftAssert.java:13)
at com.softAssert.SoftAssert.softAssertion(SoftAssert.java:13)
at com.softAssert.SoftAssert.softAssertion(SoftAssert.java:13)
at com.softAssert.SoftAssert.softAssertion(SoftAssert.java:13)
at com.softAssert.SoftAssert.softAssertion(SoftAssert.java:13)
at com.softAssert.SoftAssert.softAssertion(SoftAssert.java:13)
at com.softAssert.SoftAssert.softAssertion(SoftAssert.java:13)
at com.softAssert.SoftAssert.softAssertion(SoftAssert.java:13)
at com.softAssert.SoftAssert.softAssertion(SoftAssert.java:13)
at com.softAssert.SoftAssert.softAssertion(SoftAssert.java:13)
at com.softAssert.SoftAssert.softAssertion(SoftAssert.java:13)
at com.softAssert.SoftAssert.softAssertion(SoftAssert.java:13)
at com.softAssert.SoftAssert.softAssertion(SoftAssert.java:13)
at com.softAssert.SoftAssert.softAssertion(SoftAssert.java:13)
at com.softAssert.SoftAssert.softAssertion(SoftAssert.java:13)
at com.softAssert.SoftAssert.softAssertion(SoftAssert.java:13)
at com.softAssert.SoftAssert.softAssertion(SoftAssert.java:13)
at com.softAssert.SoftAssert.softAssertion(SoftAssert.java:13)
at com.softAssert.SoftAssert.softAssertion(SoftAssert.java:13)
at com.softAssert.SoftAssert.softAssertion(SoftAssert.java:13)
at com.softAssert.SoftAssert.softAssertion(SoftAssert.java:13)
at com.softAssert.SoftAssert.softAssertion(SoftAssert.java:13)
at com.softAssert.SoftAssert.softAssertion(SoftAssert.java:13)
at com.softAssert.SoftAssert.softAssertion(SoftAssert.java:13)
at com.softAssert.SoftAssert.softAssertion(SoftAssert.java:13)
at com.softAssert.SoftAssert.softAssertion(SoftAssert.java:13)
at com.softAssert.SoftAssert.softAssertion(SoftAssert.java:13)
at com.softAssert.SoftAssert.softAssertion(SoftAssert.java:13)
at com.softAssert.SoftAssert.softAssertion(SoftAssert.java:13)
at com.softAssert.SoftAssert.softAssertion(SoftAssert.java:13)
at com.softAssert.SoftAssert.softAssertion(SoftAssert.java:13)
at com.softAssert.SoftAssert.softAssertion(SoftAssert.java:13)
at com.softAssert.SoftAssert.softAssertion(SoftAssert.java:13)
at com.softAssert.SoftAssert.softAssertion(SoftAssert.java:13)
at com.softAssert.SoftAssert.softAssertion(SoftAssert.java:13)
at com.softAssert.SoftAssert.softAssertion(SoftAssert.java:13)
at com.softAssert.SoftAssert.softAssertion(SoftAssert.java:13)
at com.softAssert.SoftAssert.softAssertion(SoftAssert.java:13)
at com.softAssert.SoftAssert.softAssertion(SoftAssert.java:13)
at com.softAssert.SoftAssert.softAssertion(SoftAssert.java:13)
at com.softAssert.SoftAssert.softAssertion(SoftAssert.java:13)
at com.softAssert.SoftAssert.softAssertion(SoftAssert.java:13)
at com.softAssert.SoftAssert.softAssertion(SoftAssert.java:13)
at com.softAssert.SoftAssert.softAssertion(SoftAssert.java:13)
at com.softAssert.SoftAssert.softAssertion(SoftAssert.java:13)
at com.softAssert.SoftAssert.softAssertion(SoftAssert.java:13)
at com.softAssert.SoftAssert.softAssertion(SoftAssert.java:13)
at com.softAssert.SoftAssert.softAssertion(SoftAssert.java:13)
at com.softAssert.SoftAssert.softAssertion(SoftAssert.java:13)
at com.softAssert.SoftAssert.softAssertion(SoftAssert.java:13)
at com.softAssert.SoftAssert.softAssertion(SoftAssert.java:13)
at com.softAssert.SoftAssert.softAssertion(SoftAssert.java:13)
at com.softAssert.SoftAssert.softAssertion(SoftAssert.java:13)
at com.softAssert.SoftAssert.softAssertion(SoftAssert.java:13)
at com.softAssert.SoftAssert.softAssertion(SoftAssert.java:13)
at com.softAssert.SoftAssert.softAssertion(SoftAssert.java:13)
at com.softAssert.SoftAssert.softAssertion(SoftAssert.java:13)
at com.softAssert.SoftAssert.softAssertion(SoftAssert.java:13)
at com.softAssert.SoftAssert.softAssertion(SoftAssert.java:13)
at com.softAssert.SoftAssert.softAssertion(SoftAssert.java:13)
at com.softAssert.SoftAssert.softAssertion(SoftAssert.java:13)
at com.softAssert.SoftAssert.softAssertion(SoftAssert.java:13)
at com.softAssert.SoftAssert.softAssertion(SoftAssert.java:13)
at com.softAssert.SoftAssert.softAssertion(SoftAssert.java:13)
at com.softAssert.SoftAssert.softAssertion(SoftAssert.java:13)
at com.softAssert.SoftAssert.softAssertion(SoftAssert.java:13)
at com.softAssert.SoftAssert.softAssertion(SoftAssert.java:13)
at com.softAssert.SoftAssert.softAssertion(SoftAssert.java:13)
at com.softAssert.SoftAssert.softAssertion(SoftAssert.java:13)
at com.softAssert.SoftAssert.softAssertion(SoftAssert.java:13)
at com.softAssert.SoftAssert.softAssertion(SoftAssert.java:13)
at com.softAssert.SoftAssert.softAssertion(SoftAssert.java:13)
at com.softAssert.SoftAssert.softAssertion(SoftAssert.java:13)
at com.softAssert.SoftAssert.softAssertion(SoftAssert.java:13)
at com.softAssert.SoftAssert.softAssertion(SoftAssert.java:13)
at com.softAssert.SoftAssert.softAssertion(SoftAssert.java:13)
at com.softAssert.SoftAssert.softAssertion(SoftAssert.java:13)
at com.softAssert.SoftAssert.softAssertion(SoftAssert.java:13)
at com.softAssert.SoftAssert.softAssertion(SoftAssert.java:13)
at com.softAssert.SoftAssert.softAssertion(SoftAssert.java:13)
at com.softAssert.SoftAssert.softAssertion(SoftAssert.java:13)
at com.softAssert.SoftAssert.softAssertion(SoftAssert.java:13)
at com.softAssert.SoftAssert.softAssertion(SoftAssert.java:13)
at com.softAssert.SoftAssert.softAssertion(SoftAssert.java:13)
at com.softAssert.SoftAssert.softAssertion(SoftAssert.java:13)
at com.softAssert.SoftAssert.softAssertion(SoftAssert.java:13)
at com.softAssert.SoftAssert.softAssertion(SoftAssert.java:13)
at com.softAssert.SoftAssert.softAssertion(SoftAssert.java:13)
at com.softAssert.SoftAssert.softAssertion(SoftAssert.java:13)
at com.softAssert.SoftAssert.softAssertion(SoftAssert.java:13)
at com.softAssert.SoftAssert.softAssertion(SoftAssert.java:13)
at com.softAssert.SoftAssert.softAssertion(SoftAssert.java:13)
at com.softAssert.SoftAssert.softAssertion(SoftAssert.java:13)
at com.softAssert.SoftAssert.softAssertion(SoftAssert.java:13)
at com.softAssert.SoftAssert.softAssertion(SoftAssert.java:13)
at com.softAssert.SoftAssert.softAssertion(SoftAssert.java:13)
at com.softAssert.SoftAssert.softAssertion(SoftAssert.java:13)
at com.softAssert.SoftAssert.softAssertion(SoftAssert.java:13)
at com.softAssert.SoftAssert.softAssertion(SoftAssert.java:13)
at com.softAssert.SoftAssert.softAssertion(SoftAssert.java:13)
at com.softAssert.SoftAssert.softAssertion(SoftAssert.java:13)
at com.softAssert.SoftAssert.softAssertion(SoftAssert.java:13)
at com.softAssert.SoftAssert.softAssertion(SoftAssert.java:13)
at com.softAssert.SoftAssert.softAssertion(SoftAssert.java:13)
at com.softAssert.SoftAssert.softAssertion(SoftAssert.java:13)
at com.softAssert.SoftAssert.softAssertion(SoftAssert.java:13)
at com.softAssert.SoftAssert.softAssertion(SoftAssert.java:13)
at com.softAssert.SoftAssert.softAssertion(SoftAssert.java:13)
at com.softAssert.SoftAssert.softAssertion(SoftAssert.java:13)
at com.softAssert.SoftAssert.softAssertion(SoftAssert.java:13)
at com.softAssert.SoftAssert.softAssertion(SoftAssert.java:13)
at com.softAssert.SoftAssert.softAssertion(SoftAssert.java:13)
at com.softAssert.SoftAssert.softAssertion(SoftAssert.java:13)
at com.softAssert.SoftAssert.softAssertion(SoftAssert.java:13)
at com.softAssert.SoftAssert.softAssertion(SoftAssert.java:13)
at com.softAssert.SoftAssert.softAssertion(SoftAssert.java:13)
at com.softAssert.SoftAssert.softAssertion(SoftAssert.java:13)
at com.softAssert.SoftAssert.softAssertion(SoftAssert.java:13)
at com.softAssert.SoftAssert.softAssertion(SoftAssert.java:13)
at com.softAssert.SoftAssert.softAssertion(SoftAssert.java:13)
at com.softAssert.SoftAssert.softAssertion(SoftAssert.java:13)
at com.softAssert.SoftAssert.softAssertion(SoftAssert.java:13)
at com.softAssert.SoftAssert.softAssertion(SoftAssert.java:13)
at com.softAssert.SoftAssert.softAssertion(SoftAssert.java:13)
at com.softAssert.SoftAssert.softAssertion(SoftAssert.java:13)
at com.softAssert.SoftAssert.softAssertion(SoftAssert.java:13)
at com.softAssert.SoftAssert.softAssertion(SoftAssert.java:13)
at com.softAssert.SoftAssert.softAssertion(SoftAssert.java:13)
at com.softAssert.SoftAssert.softAssertion(SoftAssert.java:13)
at com.softAssert.SoftAssert.softAssertion(SoftAssert.java:13)
at com.softAssert.SoftAssert.softAssertion(SoftAssert.java:13)
at com.softAssert.SoftAssert.softAssertion(SoftAssert.java:13)
at com.softAssert.SoftAssert.softAssertion(SoftAssert.java:13)
at com.softAssert.SoftAssert.softAssertion(SoftAssert.java:13)
at com.softAssert.SoftAssert.softAssertion(SoftAssert.java:13)
at com.softAssert.SoftAssert.softAssertion(SoftAssert.java:13)
at com.softAssert.SoftAssert.softAssertion(SoftAssert.java:13)
at com.softAssert.SoftAssert.softAssertion(SoftAssert.java:13)
at com.softAssert.SoftAssert.softAssertion(SoftAssert.java:13)
at com.softAssert.SoftAssert.softAssertion(SoftAssert.java:13)
at com.softAssert.SoftAssert.softAssertion(SoftAssert.java:13)
at com.softAssert.SoftAssert.softAssertion(SoftAssert.java:13)
at com.softAssert.SoftAssert.softAssertion(SoftAssert.java:13)
at com.softAssert.SoftAssert.softAssertion(SoftAssert.java:13)
at com.softAssert.SoftAssert.softAssertion(SoftAssert.java:13)
at com.softAssert.SoftAssert.softAssertion(SoftAssert.java:13)
at com.softAssert.SoftAssert.softAssertion(SoftAssert.java:13)
at com.softAssert.SoftAssert.softAssertion(SoftAssert.java:13)
at com.softAssert.SoftAssert.softAssertion(SoftAssert.java:13)
at com.softAssert.SoftAssert.softAssertion(SoftAssert.java:13)
at com.softAssert.SoftAssert.softAssertion(SoftAssert.java:13)
at com.softAssert.SoftAssert.softAssertion(SoftAssert.java:13)
at com.softAssert.SoftAssert.softAssertion(SoftAssert.java:13)
at com.softAssert.SoftAssert.softAssertion(SoftAssert.java:13)
at com.softAssert.SoftAssert.softAssertion(SoftAssert.java:13)
at com.softAssert.SoftAssert.softAssertion(SoftAssert.java:13)
at com.softAssert.SoftAssert.softAssertion(SoftAssert.java:13)
at com.softAssert.SoftAssert.softAssertion(SoftAssert.java:13)
at com.softAssert.SoftAssert.softAssertion(SoftAssert.java:13)
at com.softAssert.SoftAssert.softAssertion(SoftAssert.java:13)
at com.softAssert.SoftAssert.softAssertion(SoftAssert.java:13)
]]>
            </full-stacktrace>
          </exception> <!-- java.lang.StackOverflowError -->
          <reporter-output>
          </reporter-output>
        </test-method> <!-- softAssertion -->
      </class> <!-- com.softAssert.SoftAssert -->
    </test> <!-- Default test -->
  </suite> <!-- Default suite -->
</testng-results>
