<?xml version="1.0" encoding="UTF-8"?>
<testng-results ignored="0" total="4" passed="4" failed="0" skipped="0">
  <reporter-output>
  </reporter-output>
  <suite started-at="2021-02-04T17:51:06 IST" name="Default suite" finished-at="2021-02-04T17:51:06 IST" duration-ms="67">
    <groups>
    </groups>
    <test started-at="2021-02-04T17:51:06 IST" name="Default test" finished-at="2021-02-04T17:51:06 IST" duration-ms="67">
      <class name="com.testNG.concepts.PriorityAttribute">
        <test-method signature="test3()[pri:-1, instance:com.testNG.concepts.PriorityAttribute@41c2284a]" started-at="2021-02-04T17:51:06 IST" name="test3" finished-at="2021-02-04T17:51:06 IST" duration-ms="12" status="PASS">
          <reporter-output>
          </reporter-output>
        </test-method> <!-- test3 -->
        <test-method signature="test2()[pri:0, instance:com.testNG.concepts.PriorityAttribute@41c2284a]" started-at="2021-02-04T17:51:06 IST" name="test2" finished-at="2021-02-04T17:51:06 IST" duration-ms="1" status="PASS">
          <reporter-output>
          </reporter-output>
        </test-method> <!-- test2 -->
        <test-method signature="test4()[pri:1, instance:com.testNG.concepts.PriorityAttribute@41c2284a]" started-at="2021-02-04T17:51:06 IST" name="test4" finished-at="2021-02-04T17:51:06 IST" duration-ms="2" status="PASS">
          <reporter-output>
          </reporter-output>
        </test-method> <!-- test4 -->
        <test-method signature="test1()[pri:2, instance:com.testNG.concepts.PriorityAttribute@41c2284a]" started-at="2021-02-04T17:51:06 IST" name="test1" finished-at="2021-02-04T17:51:06 IST" duration-ms="2" status="PASS">
          <reporter-output>
          </reporter-output>
        </test-method> <!-- test1 -->
      </class> <!-- com.testNG.concepts.PriorityAttribute -->
    </test> <!-- Default test -->
  </suite> <!-- Default suite -->
</testng-results>
