<?xml version="1.0" encoding="UTF-8"?>
<!-- Generated by org.testng.reporters.JUnitXMLReporter -->
<testsuite ignored="2" hostname="MSI" failures="0" tests="1" name="ParallelExecution" time="8.93" errors="0" timestamp="2021-02-04T19:19:53 IST">
  <testcase classname="com.testNG.concepts.ParallelExecution" name="session1" time="8.884"/>
  <testcase classname="com.testNG.concepts.ParallelExecution" name="session2" time="0.0">
    <ignored/>
  </testcase> <!-- session2 -->
  <testcase classname="com.testNG.concepts.ParallelExecution" name="session3" time="0.0">
    <ignored/>
  </testcase> <!-- session3 -->
</testsuite> <!-- ParallelExecution -->
